2026-02-22 00:21:33 +01:00: AI best times analysis error: TypeError: Invalid state: Controller is already closed
    at Object.start (.next/server/chunks/[root-of-the-server]__0c071b6e._.js:132:1122) {
  code: 'ERR_INVALID_STATE'
}
2026-02-22 00:21:34 +01:00: Failed to set Next.js data cache for https://blog.hubspot.com/marketing/rss.xml, items over 2MB can not be cached (2798593 bytes)
2026-02-22 00:22:01 +01:00: Failed to set Next.js data cache for https://blog.hubspot.com/marketing/rss.xml, items over 2MB can not be cached (2798585 bytes)
2026-02-22 00:22:13 +01:00: Failed to set Next.js data cache for https://blog.hubspot.com/marketing/rss.xml, items over 2MB can not be cached (2798597 bytes)
2026-02-22 00:23:53 +01:00: Failed to set Next.js data cache for https://blog.hubspot.com/marketing/rss.xml, items over 2MB can not be cached (2798597 bytes)
2026-02-22 00:25:23 +01:00: Failed to set Next.js data cache for https://blog.hubspot.com/marketing/rss.xml, items over 2MB can not be cached (2798591 bytes)
2026-02-22 00:25:44 +01:00: Failed to set Next.js data cache for https://blog.hubspot.com/marketing/rss.xml, items over 2MB can not be cached (2798593 bytes)
2026-02-22 00:26:49 +01:00: Failed to set Next.js data cache for https://blog.hubspot.com/marketing/rss.xml, items over 2MB can not be cached (2798591 bytes)
2026-02-22 00:28:05 +01:00: Error: MISSING_MESSAGE: library (en)
    at <unknown> (.next/server/chunks/ssr/_ce1eee88._.js:6:4054)
    at aq (.next/server/chunks/ssr/_ce1eee88._.js:6:4092)
    at <unknown> (.next/server/chunks/ssr/_ce1eee88._.js:6:8363)
    at <unknown> (.next/server/chunks/ssr/_ce1eee88._.js:6:8395)
    at <unknown> (.next/server/chunks/ssr/_ce1eee88._.js:6:8500)
    at <unknown> (.next/server/chunks/ssr/_ce1eee88._.js:6:8622)
    at async f (.next/server/chunks/ssr/[root-of-the-server]__7ce04adc._.js:1:1406) {
  code: 'MISSING_MESSAGE',
  originalMessage: 'library (en)'
}
2026-02-22 00:28:05 +01:00: Error: MISSING_MESSAGE: library (en)
    at <unknown> (.next/server/chunks/ssr/_ce1eee88._.js:6:4054)
    at aq (.next/server/chunks/ssr/_ce1eee88._.js:6:4092)
    at <unknown> (.next/server/chunks/ssr/_ce1eee88._.js:6:8363)
    at <unknown> (.next/server/chunks/ssr/_ce1eee88._.js:6:8395)
    at <unknown> (.next/server/chunks/ssr/_ce1eee88._.js:6:8500)
    at <unknown> (.next/server/chunks/ssr/_ce1eee88._.js:6:8622)
    at async f (.next/server/chunks/ssr/[root-of-the-server]__7ce04adc._.js:1:1406) {
  code: 'MISSING_MESSAGE',
  originalMessage: 'library (en)'
}
2026-02-22 00:28:40 +01:00: Failed to set Next.js data cache for https://blog.hubspot.com/marketing/rss.xml, items over 2MB can not be cached (2798587 bytes)
2026-02-22 00:50:44 +01:00: Failed to set Next.js data cache for https://blog.hubspot.com/marketing/rss.xml, items over 2MB can not be cached (2798593 bytes)
2026-02-22 00:54:22 +01:00: Error: MISSING_MESSAGE: library (en)
    at <unknown> (.next/server/chunks/ssr/_ce1eee88._.js:6:4054)
    at aq (.next/server/chunks/ssr/_ce1eee88._.js:6:4092)
    at <unknown> (.next/server/chunks/ssr/_ce1eee88._.js:6:8363)
    at <unknown> (.next/server/chunks/ssr/_ce1eee88._.js:6:8395)
    at <unknown> (.next/server/chunks/ssr/_ce1eee88._.js:6:8500)
    at <unknown> (.next/server/chunks/ssr/_ce1eee88._.js:6:8622)
    at async f (.next/server/chunks/ssr/[root-of-the-server]__7ce04adc._.js:1:1406) {
  code: 'MISSING_MESSAGE',
  originalMessage: 'library (en)'
}
2026-02-22 00:54:22 +01:00: Error: MISSING_MESSAGE: library (en)
    at <unknown> (.next/server/chunks/ssr/_ce1eee88._.js:6:4054)
    at aq (.next/server/chunks/ssr/_ce1eee88._.js:6:4092)
    at <unknown> (.next/server/chunks/ssr/_ce1eee88._.js:6:8363)
    at <unknown> (.next/server/chunks/ssr/_ce1eee88._.js:6:8395)
    at <unknown> (.next/server/chunks/ssr/_ce1eee88._.js:6:8500)
    at <unknown> (.next/server/chunks/ssr/_ce1eee88._.js:6:8622)
    at async f (.next/server/chunks/ssr/[root-of-the-server]__7ce04adc._.js:1:1406) {
  code: 'MISSING_MESSAGE',
  originalMessage: 'library (en)'
}
2026-02-22 00:54:25 +01:00: Error: MISSING_MESSAGE: library (en)
    at <unknown> (.next/server/chunks/ssr/_ce1eee88._.js:6:4054)
    at aq (.next/server/chunks/ssr/_ce1eee88._.js:6:4092)
    at <unknown> (.next/server/chunks/ssr/_ce1eee88._.js:6:8363)
    at <unknown> (.next/server/chunks/ssr/_ce1eee88._.js:6:8395)
    at <unknown> (.next/server/chunks/ssr/_ce1eee88._.js:6:8500)
    at <unknown> (.next/server/chunks/ssr/_ce1eee88._.js:6:8622)
    at async f (.next/server/chunks/ssr/[root-of-the-server]__7ce04adc._.js:1:1406) {
  code: 'MISSING_MESSAGE',
  originalMessage: 'library (en)'
}
2026-02-22 00:54:25 +01:00: Error: MISSING_MESSAGE: library (en)
    at <unknown> (.next/server/chunks/ssr/_ce1eee88._.js:6:4054)
    at aq (.next/server/chunks/ssr/_ce1eee88._.js:6:4092)
    at <unknown> (.next/server/chunks/ssr/_ce1eee88._.js:6:8363)
    at <unknown> (.next/server/chunks/ssr/_ce1eee88._.js:6:8395)
    at <unknown> (.next/server/chunks/ssr/_ce1eee88._.js:6:8500)
    at <unknown> (.next/server/chunks/ssr/_ce1eee88._.js:6:8622)
    at async f (.next/server/chunks/ssr/[root-of-the-server]__7ce04adc._.js:1:1406) {
  code: 'MISSING_MESSAGE',
  originalMessage: 'library (en)'
}
2026-02-22 00:54:37 +01:00: Error: MISSING_MESSAGE: library (en)
    at <unknown> (.next/server/chunks/ssr/_ce1eee88._.js:6:4054)
    at aq (.next/server/chunks/ssr/_ce1eee88._.js:6:4092)
    at <unknown> (.next/server/chunks/ssr/_ce1eee88._.js:6:8363)
    at <unknown> (.next/server/chunks/ssr/_ce1eee88._.js:6:8395)
    at <unknown> (.next/server/chunks/ssr/_ce1eee88._.js:6:8500)
    at <unknown> (.next/server/chunks/ssr/_ce1eee88._.js:6:8622)
    at async f (.next/server/chunks/ssr/[root-of-the-server]__7ce04adc._.js:1:1406) {
  code: 'MISSING_MESSAGE',
  originalMessage: 'library (en)'
}
2026-02-22 00:54:37 +01:00: Error: MISSING_MESSAGE: library (en)
    at <unknown> (.next/server/chunks/ssr/_ce1eee88._.js:6:4054)
    at aq (.next/server/chunks/ssr/_ce1eee88._.js:6:4092)
    at <unknown> (.next/server/chunks/ssr/_ce1eee88._.js:6:8363)
    at <unknown> (.next/server/chunks/ssr/_ce1eee88._.js:6:8395)
    at <unknown> (.next/server/chunks/ssr/_ce1eee88._.js:6:8500)
    at <unknown> (.next/server/chunks/ssr/_ce1eee88._.js:6:8622)
    at async f (.next/server/chunks/ssr/[root-of-the-server]__7ce04adc._.js:1:1406) {
  code: 'MISSING_MESSAGE',
  originalMessage: 'library (en)'
}
2026-02-22 01:01:51 +01:00: Failed to set Next.js data cache for https://blog.hubspot.com/marketing/rss.xml, items over 2MB can not be cached (2798591 bytes)
2026-02-22 01:01:59 +01:00: Failed to set Next.js data cache for https://blog.hubspot.com/marketing/rss.xml, items over 2MB can not be cached (2798593 bytes)
